c:\users\юрий\source\repos\project8\debug\vc142.pdb
c:\users\юрий\source\repos\project8\debug\worker1.obj
c:\users\юрий\source\repos\project8\debug\worker.obj
c:\users\юрий\source\repos\project8\debug\source.obj
c:\users\юрий\source\repos\project8\debug\myform3.obj
c:\users\юрий\source\repos\project8\debug\myform2.obj
c:\users\юрий\source\repos\project8\debug\myform1.obj
c:\users\юрий\source\repos\project8\debug\myform.obj
c:\users\юрий\source\repos\project8\debug\fiozp1.obj
c:\users\юрий\source\repos\project8\debug\fiozp.obj
c:\users\юрий\source\repos\project8\debug\director1.obj
c:\users\юрий\source\repos\project8\debug\director.obj
c:\users\юрий\source\repos\project8\debug\.netframework,version=v4.7.2.assemblyattributes.obj
c:\users\юрий\source\repos\project8\debug\.netframework,version=v4.7.2.assemblyattributes.asm
c:\users\юрий\source\repos\project8\debug\project8.exe
c:\users\юрий\source\repos\project8\debug\project8.pdb
c:\users\юрий\source\repos\project8\debug\project8.myform.resources
c:\users\юрий\source\repos\project8\debug\project8.myform1.resources
c:\users\юрий\source\repos\project8\debug\project8.myform2.resources
c:\users\юрий\source\repos\project8\debug\project8.vcxproj.generateresource.cache
c:\users\юрий\source\repos\project8\debug\project8.exe.metagen
c:\users\юрий\source\repos\project8\debug\project8.tlog\cl.command.1.tlog
c:\users\юрий\source\repos\project8\debug\project8.tlog\cl.read.1.tlog
c:\users\юрий\source\repos\project8\debug\project8.tlog\cl.write.1.tlog
c:\users\юрий\source\repos\project8\debug\project8.tlog\link.command.1.tlog
c:\users\юрий\source\repos\project8\debug\project8.tlog\link.read.1.tlog
c:\users\юрий\source\repos\project8\debug\project8.tlog\link.write.1.tlog
c:\users\юрий\source\repos\project8\debug\project8.tlog\metagen.read.1.tlog
c:\users\юрий\source\repos\project8\debug\project8.tlog\metagen.write.1.tlog
c:\users\юрий\source\repos\project8\debug\project8.tlog\project8.write.1u.tlog
